<?xml version="1.0" encoding="UTF-8"?>
<!-- Generated by org.testng.reporters.JUnitReportReporter -->
<testsuite hostname="Cubrid-windows-" failures="0" tests="8" name="com.cubrid.cubridmigration.mariadb.MariaDBDataTypeHelperTest" time="0.598" errors="1" timestamp="2022-07-11T08:02:22 UTC" skipped="0">
  <testcase classname="com.cubrid.cubridmigration.mariadb.MariaDBDataTypeHelperTest" name="testMakeType" time="0.001"/>
  <system-out/>
  <testcase classname="com.cubrid.cubridmigration.mariadb.MariaDBDataTypeHelperTest" name="testGetJdbcDataTypeID" time="0.581">
    <error type="java.lang.ExceptionInInitializerError">
      <![CDATA[java.lang.ExceptionInInitializerError
at org.mariadb.jdbc.Driver.connect(Driver.java:70)
at org.mariadb.jdbc.Driver.connect(Driver.java:101)
at org.mariadb.jdbc.Driver.connect(Driver.java:27)
at com.cubrid.cubridmigration.mariadb.MariaDBDatabase$MariaDBConnHelper.createConnection(MariaDBDatabase.java:129)
at com.cubrid.cubridmigration.core.connection.ConnParameters.createConnection(ConnParameters.java:197)
at com.cubrid.cubridmigration.core.engine.template.TemplateParserTest.getMariaDBCatalog(TemplateParserTest.java:277)
at com.cubrid.cubridmigration.core.engine.template.TemplateParserTest.getMariaDBConfig(TemplateParserTest.java:288)
at com.cubrid.cubridmigration.mariadb.MariaDBDataTypeHelperTest.testGetJdbcDataTypeID(MariaDBDataTypeHelperTest.java:209)
at java.base/jdk.internal.reflect.NativeMethodAccessorImpl.invoke0(Native Method)
at java.base/jdk.internal.reflect.NativeMethodAccessorImpl.invoke(NativeMethodAccessorImpl.java:77)
at java.base/jdk.internal.reflect.DelegatingMethodAccessorImpl.invoke(DelegatingMethodAccessorImpl.java:43)
at java.base/java.lang.reflect.Method.invoke(Method.java:568)
at org.testng.internal.MethodInvocationHelper.invokeMethod(MethodInvocationHelper.java:133)
at org.testng.internal.TestInvoker.invokeMethod(TestInvoker.java:598)
at org.testng.internal.TestInvoker.invokeTestMethod(TestInvoker.java:173)
at org.testng.internal.MethodRunner.runInSequence(MethodRunner.java:46)
at org.testng.internal.TestInvoker$MethodInvocationAgent.invoke(TestInvoker.java:824)
at org.testng.internal.TestInvoker.invokeTestMethods(TestInvoker.java:146)
at org.testng.internal.TestMethodWorker.invokeTestMethods(TestMethodWorker.java:146)
at org.testng.internal.TestMethodWorker.run(TestMethodWorker.java:128)
at java.base/java.util.ArrayList.forEach(ArrayList.java:1511)
at org.testng.TestRunner.privateRun(TestRunner.java:794)
at org.testng.TestRunner.run(TestRunner.java:596)
at org.testng.SuiteRunner.runTest(SuiteRunner.java:377)
at org.testng.SuiteRunner.runSequentially(SuiteRunner.java:371)
at org.testng.SuiteRunner.privateRun(SuiteRunner.java:332)
at org.testng.SuiteRunner.run(SuiteRunner.java:276)
at org.testng.SuiteRunnerWorker.runSuite(SuiteRunnerWorker.java:53)
at org.testng.SuiteRunnerWorker.run(SuiteRunnerWorker.java:96)
at org.testng.TestNG.runSuitesSequentially(TestNG.java:1212)
at org.testng.TestNG.runSuitesLocally(TestNG.java:1134)
at org.testng.TestNG.runSuites(TestNG.java:1063)
at org.testng.TestNG.run(TestNG.java:1031)
at org.testng.remote.AbstractRemoteTestNG.run(AbstractRemoteTestNG.java:115)
at org.testng.remote.RemoteTestNG.initAndRun(RemoteTestNG.java:251)
at org.testng.remote.RemoteTestNG.main(RemoteTestNG.java:77)
Caused by: java.lang.IllegalStateException: org.slf4j.LoggerFactory could not be successfully initialized. See also http://www.slf4j.org/codes.html#unsuccessfulInit
at org.slf4j.LoggerFactory.getILoggerFactory(LoggerFactory.java:276)
at org.slf4j.LoggerFactory.getLogger(LoggerFactory.java:242)
at org.mariadb.jdbc.util.log.Loggers$Slf4JLoggerFactory.getLogger(Loggers.java:65)
at org.mariadb.jdbc.util.log.Loggers.getLogger(Loggers.java:48)
at org.mariadb.jdbc.client.impl.StandardClient.<clinit>(StandardClient.java:58)
... 36 more
]]>
    </error>
  </testcase> <!-- testGetJdbcDataTypeID -->
  <system-out/>
  <testcase classname="com.cubrid.cubridmigration.mariadb.MariaDBDataTypeHelperTest" name="testIsBinaryType" time="0.001"/>
  <system-out/>
  <testcase classname="com.cubrid.cubridmigration.mariadb.MariaDBDataTypeHelperTest" name="testMariaDBColumn" time="0.001"/>
  <system-out/>
  <testcase classname="com.cubrid.cubridmigration.mariadb.MariaDBDataTypeHelperTest" name="testGetTypeRemain" time="0.003"/>
  <system-out/>
  <testcase classname="com.cubrid.cubridmigration.mariadb.MariaDBDataTypeHelperTest" name="testGetScale" time="0.004"/>
  <system-out/>
  <testcase classname="com.cubrid.cubridmigration.mariadb.MariaDBDataTypeHelperTest" name="testGetPrecision" time="0.004"/>
  <system-out/>
  <testcase classname="com.cubrid.cubridmigration.mariadb.MariaDBDataTypeHelperTest" name="testGetTypePart" time="0.003"/>
  <system-out/>
</testsuite> <!-- com.cubrid.cubridmigration.mariadb.MariaDBDataTypeHelperTest -->
